c:\code\sc\systemc-2.3.2\build\msvc14\systemc\debug\int-systemc-core\systemc-core.pdb
c:\code\sc\systemc-2.3.2\build\msvc14\systemc\debug\int-systemc-core\systemc-core.idb
c:\code\sc\systemc-2.3.2\build\msvc14\systemc\debug\int-systemc-core\sc_trace_file_base.obj
c:\code\sc\systemc-2.3.2\build\msvc14\systemc\debug\int-systemc-core\sc_uint_base.obj
c:\code\sc\systemc-2.3.2\build\msvc14\systemc\debug\int-systemc-core\sc_unsigned.obj
c:\code\sc\systemc-2.3.2\build\msvc14\systemc\debug\int-systemc-core\sc_utils_ids.obj
c:\code\sc\systemc-2.3.2\build\msvc14\systemc\debug\int-systemc-core\sc_value_base.obj
c:\code\sc\systemc-2.3.2\build\msvc14\systemc\debug\int-systemc-core\sc_vcd_trace.obj
c:\code\sc\systemc-2.3.2\build\msvc14\systemc\debug\int-systemc-core\sc_vector.obj
c:\code\sc\systemc-2.3.2\build\msvc14\systemc\debug\int-systemc-core\sc_ver.obj
c:\code\sc\systemc-2.3.2\build\msvc14\systemc\debug\int-systemc-core\sc_wait.obj
c:\code\sc\systemc-2.3.2\build\msvc14\systemc\debug\int-systemc-core\sc_wait_cthread.obj
c:\code\sc\systemc-2.3.2\build\msvc14\systemc\debug\int-systemc-core\sc_wif_trace.obj
c:\code\sc\systemc-2.3.2\build\msvc14\systemc\debug\int-systemc-core\scfx_mant.obj
c:\code\sc\systemc-2.3.2\build\msvc14\systemc\debug\int-systemc-core\scfx_pow10.obj
c:\code\sc\systemc-2.3.2\build\msvc14\systemc\debug\int-systemc-core\scfx_rep.obj
c:\code\sc\systemc-2.3.2\build\msvc14\systemc\debug\int-systemc-core\scfx_utils.obj
c:\code\sc\systemc-2.3.2\build\msvc14\systemc\debug\int-systemc-core\tlm_gp.obj
c:\code\sc\systemc-2.3.2\build\msvc14\systemc\debug\int-systemc-core\tlm_phase.obj
c:\code\sc\systemc-2.3.2\build\msvc14\systemc\debug\int-systemc-core\tlm_global_quantum.obj
c:\code\sc\systemc-2.3.2\build\msvc14\systemc\debug\int-systemc-core\convenience_socket_bases.obj
c:\code\sc\systemc-2.3.2\build\msvc14\systemc\debug\int-systemc-core\instance_specific_extensions.obj
c:\code\sc\systemc-2.3.2\build\msvc14\systemc\debug\int-systemc-core\sc_pq.obj
c:\code\sc\systemc-2.3.2\build\msvc14\systemc\debug\int-systemc-core\sc_prim_channel.obj
c:\code\sc\systemc-2.3.2\build\msvc14\systemc\debug\int-systemc-core\sc_process.obj
c:\code\sc\systemc-2.3.2\build\msvc14\systemc\debug\int-systemc-core\sc_report.obj
c:\code\sc\systemc-2.3.2\build\msvc14\systemc\debug\int-systemc-core\sc_report_handler.obj
c:\code\sc\systemc-2.3.2\build\msvc14\systemc\debug\int-systemc-core\sc_reset.obj
c:\code\sc\systemc-2.3.2\build\msvc14\systemc\debug\int-systemc-core\sc_semaphore.obj
c:\code\sc\systemc-2.3.2\build\msvc14\systemc\debug\int-systemc-core\sc_sensitive.obj
c:\code\sc\systemc-2.3.2\build\msvc14\systemc\debug\int-systemc-core\sc_signal.obj
c:\code\sc\systemc-2.3.2\build\msvc14\systemc\debug\int-systemc-core\sc_signal_ports.obj
c:\code\sc\systemc-2.3.2\build\msvc14\systemc\debug\int-systemc-core\sc_signal_resolved.obj
c:\code\sc\systemc-2.3.2\build\msvc14\systemc\debug\int-systemc-core\sc_signal_resolved_ports.obj
c:\code\sc\systemc-2.3.2\build\msvc14\systemc\debug\int-systemc-core\sc_signed.obj
c:\code\sc\systemc-2.3.2\build\msvc14\systemc\debug\int-systemc-core\sc_simcontext.obj
c:\code\sc\systemc-2.3.2\build\msvc14\systemc\debug\int-systemc-core\sc_spawn_options.obj
c:\code\sc\systemc-2.3.2\build\msvc14\systemc\debug\int-systemc-core\sc_stop_here.obj
c:\code\sc\systemc-2.3.2\build\msvc14\systemc\debug\int-systemc-core\sc_string.obj
c:\code\sc\systemc-2.3.2\build\msvc14\systemc\debug\int-systemc-core\sc_thread_process.obj
c:\code\sc\systemc-2.3.2\build\msvc14\systemc\debug\int-systemc-core\sc_time.obj
c:\code\sc\systemc-2.3.2\build\msvc14\systemc\debug\int-systemc-core\sc_trace.obj
c:\code\sc\systemc-2.3.2\build\msvc14\systemc\debug\int-systemc-core\sc_int_mask.obj
c:\code\sc\systemc-2.3.2\build\msvc14\systemc\debug\int-systemc-core\sc_interface.obj
c:\code\sc\systemc-2.3.2\build\msvc14\systemc\debug\int-systemc-core\sc_join.obj
c:\code\sc\systemc-2.3.2\build\msvc14\systemc\debug\int-systemc-core\sc_length_param.obj
c:\code\sc\systemc-2.3.2\build\msvc14\systemc\debug\int-systemc-core\sc_list.obj
c:\code\sc\systemc-2.3.2\build\msvc14\systemc\debug\int-systemc-core\sc_logic.obj
c:\code\sc\systemc-2.3.2\build\msvc14\systemc\debug\int-systemc-core\sc_lv_base.obj
c:\code\sc\systemc-2.3.2\build\msvc14\systemc\debug\int-systemc-core\sc_mempool.obj
c:\code\sc\systemc-2.3.2\build\msvc14\systemc\debug\int-systemc-core\sc_method_process.obj
c:\code\sc\systemc-2.3.2\build\msvc14\systemc\debug\int-systemc-core\sc_module.obj
c:\code\sc\systemc-2.3.2\build\msvc14\systemc\debug\int-systemc-core\sc_module_name.obj
c:\code\sc\systemc-2.3.2\build\msvc14\systemc\debug\int-systemc-core\sc_module_registry.obj
c:\code\sc\systemc-2.3.2\build\msvc14\systemc\debug\int-systemc-core\sc_mutex.obj
c:\code\sc\systemc-2.3.2\build\msvc14\systemc\debug\int-systemc-core\sc_name_gen.obj
c:\code\sc\systemc-2.3.2\build\msvc14\systemc\debug\int-systemc-core\sc_nbexterns.obj
c:\code\sc\systemc-2.3.2\build\msvc14\systemc\debug\int-systemc-core\sc_nbutils.obj
c:\code\sc\systemc-2.3.2\build\msvc14\systemc\debug\int-systemc-core\sc_object.obj
c:\code\sc\systemc-2.3.2\build\msvc14\systemc\debug\int-systemc-core\sc_object_manager.obj
c:\code\sc\systemc-2.3.2\build\msvc14\systemc\debug\int-systemc-core\sc_phase_callback_registry.obj
c:\code\sc\systemc-2.3.2\build\msvc14\systemc\debug\int-systemc-core\sc_port.obj
c:\code\sc\systemc-2.3.2\build\msvc14\systemc\debug\int-systemc-core\sc_bit.obj
c:\code\sc\systemc-2.3.2\build\msvc14\systemc\debug\int-systemc-core\sc_bv_base.obj
c:\code\sc\systemc-2.3.2\build\msvc14\systemc\debug\int-systemc-core\sc_clock.obj
c:\code\sc\systemc-2.3.2\build\msvc14\systemc\debug\int-systemc-core\sc_concatref.obj
c:\code\sc\systemc-2.3.2\build\msvc14\systemc\debug\int-systemc-core\sc_cor_fiber.obj
c:\code\sc\systemc-2.3.2\build\msvc14\systemc\debug\int-systemc-core\sc_cthread_process.obj
c:\code\sc\systemc-2.3.2\build\msvc14\systemc\debug\int-systemc-core\sc_event.obj
c:\code\sc\systemc-2.3.2\build\msvc14\systemc\debug\int-systemc-core\sc_event_finder.obj
c:\code\sc\systemc-2.3.2\build\msvc14\systemc\debug\int-systemc-core\sc_event_queue.obj
c:\code\sc\systemc-2.3.2\build\msvc14\systemc\debug\int-systemc-core\sc_except.obj
c:\code\sc\systemc-2.3.2\build\msvc14\systemc\debug\int-systemc-core\sc_export.obj
c:\code\sc\systemc-2.3.2\build\msvc14\systemc\debug\int-systemc-core\sc_fxcast_switch.obj
c:\code\sc\systemc-2.3.2\build\msvc14\systemc\debug\int-systemc-core\sc_fxdefs.obj
c:\code\sc\systemc-2.3.2\build\msvc14\systemc\debug\int-systemc-core\sc_fxnum.obj
c:\code\sc\systemc-2.3.2\build\msvc14\systemc\debug\int-systemc-core\sc_fxnum_observer.obj
c:\code\sc\systemc-2.3.2\build\msvc14\systemc\debug\int-systemc-core\sc_fxtype_params.obj
c:\code\sc\systemc-2.3.2\build\msvc14\systemc\debug\int-systemc-core\sc_fxval.obj
c:\code\sc\systemc-2.3.2\build\msvc14\systemc\debug\int-systemc-core\sc_fxval_observer.obj
c:\code\sc\systemc-2.3.2\build\msvc14\systemc\debug\int-systemc-core\sc_hash.obj
c:\code\sc\systemc-2.3.2\build\msvc14\systemc\debug\int-systemc-core\sc_int_base.obj
c:\code\sc\systemc-2.3.2\build\msvc14\systemc\debug\int-systemc-core\sc_attribute.obj
c:\code\sc\systemc-2.3.2\build\msvc14\systemc\debug\systemc-2.3.2.lib
c:\code\sc\systemc-2.3.2\build\msvc14\systemc\debug\int-systemc-core\systemc-core.tlog\cl.command.1.tlog
c:\code\sc\systemc-2.3.2\build\msvc14\systemc\debug\int-systemc-core\systemc-core.tlog\cl.read.1.tlog
c:\code\sc\systemc-2.3.2\build\msvc14\systemc\debug\int-systemc-core\systemc-core.tlog\cl.write.1.tlog
c:\code\sc\systemc-2.3.2\build\msvc14\systemc\debug\int-systemc-core\systemc-core.tlog\lib-link.read.1.tlog
c:\code\sc\systemc-2.3.2\build\msvc14\systemc\debug\int-systemc-core\systemc-core.tlog\lib-link.write.1.tlog
c:\code\sc\systemc-2.3.2\build\msvc14\systemc\debug\int-systemc-core\systemc-core.tlog\lib.command.1.tlog
